<?xml version="1.0" encoding="UTF-8"?>
<testng-results skipped="0" failed="0" total="1" passed="1">
  <reporter-output>
    <line>
      <![CDATA[Matched]]>
    </line>
    <line>
      <![CDATA[Matched]]>
    </line>
    <line>
      <![CDATA[Matched]]>
    </line>
  </reporter-output>
  <suite name="Default suite" duration-ms="35262" started-at="2016-06-24T10:32:01Z" finished-at="2016-06-24T10:32:36Z">
    <groups>
    </groups>
    <test name="Default test" duration-ms="35262" started-at="2016-06-24T10:32:01Z" finished-at="2016-06-24T10:32:36Z">
      <class name="webServ.NewTest">
        <test-method status="PASS" signature="initializeBingAutomate()[pri:0, instance:webServ.NewTest@6245d652]" name="initializeBingAutomate" is-config="true" duration-ms="35247" started-at="2016-06-24T16:02:01Z" finished-at="2016-06-24T16:02:36Z">
          <reporter-output>
          </reporter-output>
        </test-method> <!-- initializeBingAutomate -->
        <test-method status="PASS" signature="testBing()[pri:0, instance:webServ.NewTest@6245d652]" name="testBing" duration-ms="5" started-at="2016-06-24T16:02:36Z" finished-at="2016-06-24T16:02:36Z">
          <reporter-output>
            <line>
              <![CDATA[Matched]]>
            </line>
            <line>
              <![CDATA[Matched]]>
            </line>
            <line>
              <![CDATA[Matched]]>
            </line>
          </reporter-output>
        </test-method> <!-- testBing -->
      </class> <!-- webServ.NewTest -->
    </test> <!-- Default test -->
  </suite> <!-- Default suite -->
</testng-results>
